<?xml version="1.0" encoding="UTF-8"?>
<testng-results ignored="0" total="5" passed="5" failed="0" skipped="0">
  <reporter-output>
  </reporter-output>
  <suite started-at="2022-05-24T11:36:22 IST" name="loanDepartment" finished-at="2022-05-24T11:36:23 IST" duration-ms="111">
    <groups>
    </groups>
    <test started-at="2022-05-24T11:36:22 IST" name="Test" finished-at="2022-05-24T11:36:23 IST" duration-ms="111">
      <class name="Suyog.newproject.test2">
        <test-method signature="loanForCar()[pri:0, instance:Suyog.newproject.test2@51e69659]" started-at="2022-05-24T11:36:23 IST" name="loanForCar" finished-at="2022-05-24T11:36:23 IST" duration-ms="3" status="PASS">
          <reporter-output>
          </reporter-output>
        </test-method> <!-- loanForCar -->
        <test-method signature="mobilelogincarLoan()[pri:0, instance:Suyog.newproject.test2@51e69659]" started-at="2022-05-24T11:36:23 IST" name="mobilelogincarLoan" finished-at="2022-05-24T11:36:23 IST" duration-ms="2" status="PASS">
          <reporter-output>
          </reporter-output>
        </test-method> <!-- mobilelogincarLoan -->
        <test-method signature="weblogicarloan()[pri:0, instance:Suyog.newproject.test2@51e69659]" started-at="2022-05-24T11:36:23 IST" name="weblogicarloan" finished-at="2022-05-24T11:36:23 IST" duration-ms="3" status="PASS">
          <reporter-output>
          </reporter-output>
        </test-method> <!-- weblogicarloan -->
      </class> <!-- Suyog.newproject.test2 -->
      <class name="Suyog.newproject.test1">
        <test-method signature="loan1()[pri:0, instance:Suyog.newproject.test1@2805d709]" started-at="2022-05-24T11:36:23 IST" name="loan1" finished-at="2022-05-24T11:36:23 IST" duration-ms="12" status="PASS">
          <reporter-output>
          </reporter-output>
        </test-method> <!-- loan1 -->
        <test-method signature="loan2()[pri:0, instance:Suyog.newproject.test1@2805d709]" started-at="2022-05-24T11:36:23 IST" name="loan2" finished-at="2022-05-24T11:36:23 IST" duration-ms="2" status="PASS">
          <reporter-output>
          </reporter-output>
        </test-method> <!-- loan2 -->
      </class> <!-- Suyog.newproject.test1 -->
    </test> <!-- Test -->
  </suite> <!-- loanDepartment -->
</testng-results>
