<?xml version="1.0" encoding="UTF-8"?>
<!-- Generated by org.testng.reporters.JUnitXMLReporter -->
<testsuite ignored="0" hostname="suyog" failures="0" tests="5" name="Test" time="0.111" errors="0" timestamp="2022-05-24T11:36:23 IST">
  <testcase classname="Suyog.newproject.test1" name="loan1" time="0.012"/>
  <testcase classname="Suyog.newproject.test1" name="loan2" time="0.002"/>
  <testcase classname="Suyog.newproject.test2" name="loanForCar" time="0.003"/>
  <testcase classname="Suyog.newproject.test2" name="mobilelogincarLoan" time="0.002"/>
  <testcase classname="Suyog.newproject.test2" name="weblogicarloan" time="0.003"/>
</testsuite> <!-- Test -->
